/Users/ash/Library/Python/3.9/lib/python/site-packages/urllib3/__init__.py:35: NotOpenSSLWarning: urllib3 v2 only supports OpenSSL 1.1.1+, currently the 'ssl' module is compiled with 'LibreSSL 2.8.3'. See: https://github.com/urllib3/urllib3/issues/3020
  warnings.warn(
{"asctime": "2026-06-02 13:25:09,422", "name": "NormalizationWorker", "levelname": "INFO", "message": "Connecting to RabbitMQ...", "traceId": "init"}
{"asctime": "2026-06-02 13:25:09,464", "name": "NormalizationWorker", "levelname": "INFO", "message": "Connecting to MinIO...", "traceId": "init"}
{"asctime": "2026-06-02 13:25:09,464", "name": "NormalizationWorker", "levelname": "INFO", "message": "Connecting to PostgreSQL...", "traceId": "init"}
{"asctime": "2026-06-02 13:25:10,772", "name": "NormalizationWorker", "levelname": "INFO", "message": "NormalizationWorker initialized successfully", "traceId": "init"}
{"asctime": "2026-06-02 13:25:10,772", "name": "NormalizationWorker", "levelname": "INFO", "message": "Starting NormalizationWorker consumer on queue: audio.normalization.queue", "traceId": null}
{"asctime": "2026-06-02 13:25:10,774", "name": "NormalizationWorker", "levelname": "INFO", "message": "NormalizationWorker is waiting for messages...", "traceId": null}
{"asctime": "2026-06-02 13:28:54,557", "name": "NormalizationWorker", "levelname": "INFO", "message": "Received message: audio.uploaded", "traceId": "53ace929-cc5a-4ac3-8099-4d0d1222e526"}
{"asctime": "2026-06-02 13:28:55,072", "name": "NormalizationWorker", "levelname": "INFO", "message": "Skipping duplicate processing: job 1 at UPLOAD/QUEUED", "traceId": "53ace929-cc5a-4ac3-8099-4d0d1222e526"}
{"asctime": "2026-06-02 13:28:55,073", "name": "NormalizationWorker", "levelname": "INFO", "message": "Message processed successfully", "traceId": "53ace929-cc5a-4ac3-8099-4d0d1222e526"}
{"asctime": "2026-06-02 18:21:37,580", "name": "NormalizationWorker", "levelname": "ERROR", "message": "Worker crashed: No activity or too many missed heartbeats in the last 600 seconds", "traceId": null}
{"asctime": "2026-06-02 18:21:37,586", "name": "NormalizationWorker", "levelname": "INFO", "message": "NormalizationWorker shutdown complete", "traceId": null}
Traceback (most recent call last):
  File "/Users/ash/coding/practice/Async-Audio-Ingestion-Pipeline/workers/normalization_worker.py", line 142, in <module>
    worker.start()
  File "/Users/ash/coding/practice/Async-Audio-Ingestion-Pipeline/workers/worker_base.py", line 398, in start
    self.rabbitmq_channel.start_consuming()
  File "/Users/ash/Library/Python/3.9/lib/python/site-packages/pika/adapters/blocking_connection.py", line 1883, in start_consuming
    self._process_data_events(time_limit=None)
  File "/Users/ash/Library/Python/3.9/lib/python/site-packages/pika/adapters/blocking_connection.py", line 2044, in _process_data_events
    self.connection.process_data_events(time_limit=time_limit)
  File "/Users/ash/Library/Python/3.9/lib/python/site-packages/pika/adapters/blocking_connection.py", line 842, in process_data_events
    self._flush_output(common_terminator)
  File "/Users/ash/Library/Python/3.9/lib/python/site-packages/pika/adapters/blocking_connection.py", line 523, in _flush_output
    raise self._closed_result.value.error
pika.exceptions.AMQPHeartbeatTimeout: No activity or too many missed heartbeats in the last 600 seconds
